<?xml version="1.0" encoding="UTF-8"?>
<!-- Generated by org.testng.reporters.JUnitXMLReporter -->
<testsuite ignored="0" hostname="DESKTOP-8QG8CLM" failures="0" tests="5" name="chromeTest" time="109.201" errors="0" timestamp="2022-06-17T13:11:03 IST">
  <testcase classname="TestClasses.VerifyUserCanBuyProduct" name="verifyUserCanLogin" time="32.585"/>
  <testcase classname="TestClasses.VerifyUserCanBuyProduct" name="VerifyUserCanSearchProduct" time="4.412"/>
  <testcase classname="TestClasses.VerifyUserCanBuyProduct" name="verifyUserCanSelectProductAndMoveToProductDetailsPage" time="32.465"/>
  <testcase classname="TestClasses.VerifyUserCanBuyProduct" name="verifyUserCanCheckout" time="0.001"/>
  <testcase classname="TestClasses.VerifyUserCanRemoverProductsFromCart" name="verifyUserCanGoToCart" time="0.206"/>
</testsuite> <!-- chromeTest -->
