<?xml version="1.0" encoding="UTF-8"?>
<testng-results ignored="0" total="5" passed="5" failed="0" skipped="0">
  <reporter-output>
  </reporter-output>
  <suite started-at="2022-06-17T13:09:14 IST" name="Suite" finished-at="2022-06-17T13:11:03 IST" duration-ms="109201">
    <groups>
    </groups>
    <test started-at="2022-06-17T13:09:14 IST" name="chromeTest" finished-at="2022-06-17T13:11:03 IST" duration-ms="109201">
      <class name="TestClasses.VerifyUserCanRemoverProductsFromCart">
        <test-method is-config="true" signature="beforeClass()[pri:0, instance:TestClasses.VerifyUserCanRemoverProductsFromCart@478190fc]" started-at="2022-06-17T13:11:02 IST" name="beforeClass" finished-at="2022-06-17T13:11:02 IST" duration-ms="1" status="PASS">
          <reporter-output>
          </reporter-output>
        </test-method> <!-- beforeClass -->
        <test-method is-config="true" signature="beforeMethod()[pri:0, instance:TestClasses.VerifyUserCanRemoverProductsFromCart@478190fc]" started-at="2022-06-17T13:11:02 IST" name="beforeMethod" finished-at="2022-06-17T13:11:02 IST" duration-ms="2" status="PASS">
          <reporter-output>
          </reporter-output>
        </test-method> <!-- beforeMethod -->
        <test-method signature="verifyUserCanGoToCart()[pri:0, instance:TestClasses.VerifyUserCanRemoverProductsFromCart@478190fc]" started-at="2022-06-17T13:11:02 IST" name="verifyUserCanGoToCart" finished-at="2022-06-17T13:11:03 IST" duration-ms="206" status="PASS">
          <reporter-output>
          </reporter-output>
        </test-method> <!-- verifyUserCanGoToCart -->
        <test-method is-config="true" signature="afterMethod(org.testng.ITestResult)[pri:0, instance:TestClasses.VerifyUserCanRemoverProductsFromCart@478190fc]" started-at="2022-06-17T13:11:03 IST" name="afterMethod" finished-at="2022-06-17T13:11:03 IST" duration-ms="2" status="PASS">
          <params>
            <param index="0">
              <value>
                <![CDATA[[TestResult name=verifyUserCanGoToCart status=SUCCESS method=VerifyUserCanRemoverProductsFromCart.verifyUserCanGoToCart()[pri:0, instance:TestClasses.VerifyUserCanRemoverProductsFromCart@478190fc] output={null}]]]>
              </value>
            </param>
          </params>
          <reporter-output>
          </reporter-output>
        </test-method> <!-- afterMethod -->
        <test-method is-config="true" signature="afterClass()[pri:0, instance:TestClasses.VerifyUserCanRemoverProductsFromCart@478190fc]" started-at="2022-06-17T13:11:03 IST" name="afterClass" finished-at="2022-06-17T13:11:03 IST" duration-ms="186" status="PASS">
          <reporter-output>
          </reporter-output>
        </test-method> <!-- afterClass -->
      </class> <!-- TestClasses.VerifyUserCanRemoverProductsFromCart -->
      <class name="TestClasses.VerifyUserCanBuyProduct">
        <test-method is-config="true" signature="beforeClass(java.lang.String)[pri:0, instance:TestClasses.VerifyUserCanBuyProduct@222545dc]" started-at="2022-06-17T13:09:14 IST" name="beforeClass" finished-at="2022-06-17T13:09:52 IST" duration-ms="38035" status="PASS">
          <params>
            <param index="0">
              <value>
                <![CDATA[chrome]]>
              </value>
            </param>
          </params>
          <reporter-output>
          </reporter-output>
        </test-method> <!-- beforeClass -->
        <test-method is-config="true" signature="beforeMethod()[pri:0, instance:TestClasses.VerifyUserCanBuyProduct@222545dc]" started-at="2022-06-17T13:09:52 IST" name="beforeMethod" finished-at="2022-06-17T13:09:52 IST" duration-ms="56" status="PASS">
          <reporter-output>
          </reporter-output>
        </test-method> <!-- beforeMethod -->
        <test-method signature="verifyUserCanLogin()[pri:1, instance:TestClasses.VerifyUserCanBuyProduct@222545dc]" started-at="2022-06-17T13:09:52 IST" name="verifyUserCanLogin" finished-at="2022-06-17T13:10:24 IST" duration-ms="32585" status="PASS">
          <reporter-output>
          </reporter-output>
        </test-method> <!-- verifyUserCanLogin -->
        <test-method is-config="true" signature="afterMethod(org.testng.ITestResult)[pri:0, instance:TestClasses.VerifyUserCanBuyProduct@222545dc]" started-at="2022-06-17T13:10:24 IST" name="afterMethod" finished-at="2022-06-17T13:10:24 IST" duration-ms="7" status="PASS">
          <params>
            <param index="0">
              <value>
                <![CDATA[[TestResult name=verifyUserCanLogin status=SUCCESS method=VerifyUserCanBuyProduct.verifyUserCanLogin()[pri:1, instance:TestClasses.VerifyUserCanBuyProduct@222545dc] output={null}]]]>
              </value>
            </param>
          </params>
          <reporter-output>
          </reporter-output>
        </test-method> <!-- afterMethod -->
        <test-method is-config="true" signature="beforeMethod()[pri:0, instance:TestClasses.VerifyUserCanBuyProduct@222545dc]" started-at="2022-06-17T13:10:24 IST" name="beforeMethod" finished-at="2022-06-17T13:10:24 IST" duration-ms="1" status="PASS">
          <reporter-output>
          </reporter-output>
        </test-method> <!-- beforeMethod -->
        <test-method signature="VerifyUserCanSearchProduct()[pri:2, instance:TestClasses.VerifyUserCanBuyProduct@222545dc]" started-at="2022-06-17T13:10:24 IST" name="VerifyUserCanSearchProduct" finished-at="2022-06-17T13:10:29 IST" duration-ms="4412" status="PASS">
          <reporter-output>
          </reporter-output>
        </test-method> <!-- VerifyUserCanSearchProduct -->
        <test-method is-config="true" signature="afterMethod(org.testng.ITestResult)[pri:0, instance:TestClasses.VerifyUserCanBuyProduct@222545dc]" started-at="2022-06-17T13:10:29 IST" name="afterMethod" finished-at="2022-06-17T13:10:29 IST" duration-ms="1" status="PASS">
          <params>
            <param index="0">
              <value>
                <![CDATA[[TestResult name=VerifyUserCanSearchProduct status=SUCCESS method=VerifyUserCanBuyProduct.VerifyUserCanSearchProduct()[pri:2, instance:TestClasses.VerifyUserCanBuyProduct@222545dc] output={null}]]]>
              </value>
            </param>
          </params>
          <reporter-output>
          </reporter-output>
        </test-method> <!-- afterMethod -->
        <test-method is-config="true" signature="beforeMethod()[pri:0, instance:TestClasses.VerifyUserCanBuyProduct@222545dc]" started-at="2022-06-17T13:10:29 IST" name="beforeMethod" finished-at="2022-06-17T13:10:29 IST" duration-ms="1" status="PASS">
          <reporter-output>
          </reporter-output>
        </test-method> <!-- beforeMethod -->
        <test-method signature="verifyUserCanSelectProductAndMoveToProductDetailsPage()[pri:3, instance:TestClasses.VerifyUserCanBuyProduct@222545dc]" started-at="2022-06-17T13:10:29 IST" name="verifyUserCanSelectProductAndMoveToProductDetailsPage" finished-at="2022-06-17T13:11:01 IST" duration-ms="32465" status="PASS">
          <reporter-output>
          </reporter-output>
        </test-method> <!-- verifyUserCanSelectProductAndMoveToProductDetailsPage -->
        <test-method is-config="true" signature="afterMethod(org.testng.ITestResult)[pri:0, instance:TestClasses.VerifyUserCanBuyProduct@222545dc]" started-at="2022-06-17T13:11:01 IST" name="afterMethod" finished-at="2022-06-17T13:11:01 IST" duration-ms="1" status="PASS">
          <params>
            <param index="0">
              <value>
                <![CDATA[[TestResult name=verifyUserCanSelectProductAndMoveToProductDetailsPage status=SUCCESS method=VerifyUserCanBuyProduct.verifyUserCanSelectProductAndMoveToProductDetailsPage()[pri:3, instance:TestClasses.VerifyUserCanBuyProduct@222545dc] output={null}]]]>
              </value>
            </param>
          </params>
          <reporter-output>
          </reporter-output>
        </test-method> <!-- afterMethod -->
        <test-method is-config="true" signature="beforeMethod()[pri:0, instance:TestClasses.VerifyUserCanBuyProduct@222545dc]" started-at="2022-06-17T13:11:01 IST" name="beforeMethod" finished-at="2022-06-17T13:11:01 IST" duration-ms="1" status="PASS">
          <reporter-output>
          </reporter-output>
        </test-method> <!-- beforeMethod -->
        <test-method signature="verifyUserCanCheckout()[pri:4, instance:TestClasses.VerifyUserCanBuyProduct@222545dc]" started-at="2022-06-17T13:11:01 IST" name="verifyUserCanCheckout" finished-at="2022-06-17T13:11:01 IST" depends-on-methods="TestClasses.VerifyUserCanBuyProduct.verifyUserCanSelectProductAndMoveToProductDetailsPage" duration-ms="1" status="PASS">
          <reporter-output>
          </reporter-output>
        </test-method> <!-- verifyUserCanCheckout -->
        <test-method is-config="true" signature="afterMethod(org.testng.ITestResult)[pri:0, instance:TestClasses.VerifyUserCanBuyProduct@222545dc]" started-at="2022-06-17T13:11:01 IST" name="afterMethod" finished-at="2022-06-17T13:11:01 IST" duration-ms="0" status="PASS">
          <params>
            <param index="0">
              <value>
                <![CDATA[[TestResult name=verifyUserCanCheckout status=SUCCESS method=VerifyUserCanBuyProduct.verifyUserCanCheckout()[pri:4, instance:TestClasses.VerifyUserCanBuyProduct@222545dc] output={null}]]]>
              </value>
            </param>
          </params>
          <reporter-output>
          </reporter-output>
        </test-method> <!-- afterMethod -->
        <test-method is-config="true" signature="afterClass()[pri:0, instance:TestClasses.VerifyUserCanBuyProduct@222545dc]" started-at="2022-06-17T13:11:01 IST" name="afterClass" finished-at="2022-06-17T13:11:02 IST" duration-ms="1140" status="PASS">
          <reporter-output>
          </reporter-output>
        </test-method> <!-- afterClass -->
      </class> <!-- TestClasses.VerifyUserCanBuyProduct -->
    </test> <!-- chromeTest -->
  </suite> <!-- Suite -->
</testng-results>
